1780113656.547603 client started (15481): version 3.6b, socket /tmp/tmux-1000/default, protocol 8
1780113656.547631 on Linux 7.0.10-arch1-1 #1 SMP PREEMPT_DYNAMIC Sat, 23 May 2026 14:21:20 +0000
1780113656.547645 using libevent 2.1.12-stable poll
1780113656.547651 using ncurses 6.6 20251230
1780113656.547671 flags are 0x10010000
1780113656.547685 socket is /tmp/tmux-1000/default
1780113656.547701 trying connect
1780113656.547735 add peer 0x556ff308c420: 6 ((nil))
1780113656.548063 sending message 111 to peer 0x556ff308c420 (8 bytes)
1780113656.548073 sending message 111 to peer 0x556ff308c420 (8 bytes)
1780113656.548079 sending message 101 to peer 0x556ff308c420 (14 bytes)
1780113656.548085 sending message 109 to peer 0x556ff308c420 (4 bytes)
1780113656.548091 sending message 102 to peer 0x556ff308c420 (11 bytes)
1780113656.548097 sending message 108 to peer 0x556ff308c420 (45 bytes)
1780113656.548103 sending message 112 to peer 0x556ff308c420 (70 bytes)
1780113656.548109 sending message 112 to peer 0x556ff308c420 (5 bytes)
1780113656.548115 sending message 112 to peer 0x556ff308c420 (5 bytes)
1780113656.548121 sending message 112 to peer 0x556ff308c420 (6 bytes)
1780113656.548126 sending message 112 to peer 0x556ff308c420 (6 bytes)
1780113656.548132 sending message 112 to peer 0x556ff308c420 (11 bytes)
1780113656.548138 sending message 112 to peer 0x556ff308c420 (10 bytes)
1780113656.548144 sending message 112 to peer 0x556ff308c420 (13 bytes)
1780113656.548149 sending message 112 to peer 0x556ff308c420 (13 bytes)
1780113656.548155 sending message 112 to peer 0x556ff308c420 (18 bytes)
1780113656.548161 sending message 112 to peer 0x556ff308c420 (11 bytes)
1780113656.548167 sending message 112 to peer 0x556ff308c420 (10 bytes)
1780113656.548172 sending message 112 to peer 0x556ff308c420 (15 bytes)
1780113656.548178 sending message 112 to peer 0x556ff308c420 (21 bytes)
1780113656.548184 sending message 112 to peer 0x556ff308c420 (13 bytes)
1780113656.548190 sending message 112 to peer 0x556ff308c420 (7 bytes)
1780113656.548196 sending message 112 to peer 0x556ff308c420 (13 bytes)
1780113656.548201 sending message 112 to peer 0x556ff308c420 (7 bytes)
1780113656.548207 sending message 112 to peer 0x556ff308c420 (13 bytes)
1780113656.548223 sending message 112 to peer 0x556ff308c420 (9 bytes)
1780113656.548229 sending message 112 to peer 0x556ff308c420 (21 bytes)
1780113656.548235 sending message 112 to peer 0x556ff308c420 (13 bytes)
1780113656.548241 sending message 112 to peer 0x556ff308c420 (8 bytes)
1780113656.548247 sending message 112 to peer 0x556ff308c420 (12 bytes)
1780113656.548252 sending message 112 to peer 0x556ff308c420 (13 bytes)
1780113656.548258 sending message 112 to peer 0x556ff308c420 (9 bytes)
1780113656.548264 sending message 112 to peer 0x556ff308c420 (9 bytes)
1780113656.548270 sending message 112 to peer 0x556ff308c420 (12 bytes)
1780113656.548276 sending message 112 to peer 0x556ff308c420 (8 bytes)
1780113656.548281 sending message 112 to peer 0x556ff308c420 (8 bytes)
1780113656.548287 sending message 112 to peer 0x556ff308c420 (7 bytes)
1780113656.548293 sending message 112 to peer 0x556ff308c420 (7 bytes)
1780113656.548299 sending message 112 to peer 0x556ff308c420 (9 bytes)
1780113656.548304 sending message 112 to peer 0x556ff308c420 (13 bytes)
1780113656.548310 sending message 112 to peer 0x556ff308c420 (6 bytes)
1780113656.548316 sending message 112 to peer 0x556ff308c420 (9 bytes)
1780113656.548322 sending message 112 to peer 0x556ff308c420 (15 bytes)
1780113656.548328 sending message 112 to peer 0x556ff308c420 (13 bytes)
1780113656.548333 sending message 112 to peer 0x556ff308c420 (12 bytes)
1780113656.548339 sending message 112 to peer 0x556ff308c420 (8 bytes)
1780113656.548345 sending message 112 to peer 0x556ff308c420 (14 bytes)
1780113656.548351 sending message 112 to peer 0x556ff308c420 (11 bytes)
1780113656.548356 sending message 112 to peer 0x556ff308c420 (9 bytes)
1780113656.548362 sending message 112 to peer 0x556ff308c420 (10 bytes)
1780113656.548368 sending message 112 to peer 0x556ff308c420 (10 bytes)
1780113656.548382 sending message 112 to peer 0x556ff308c420 (10 bytes)
1780113656.548395 sending message 112 to peer 0x556ff308c420 (10 bytes)
1780113656.548401 sending message 112 to peer 0x556ff308c420 (11 bytes)
1780113656.548407 sending message 112 to peer 0x556ff308c420 (12 bytes)
1780113656.548413 sending message 112 to peer 0x556ff308c420 (12 bytes)
1780113656.548419 sending message 112 to peer 0x556ff308c420 (12 bytes)
1780113656.548425 sending message 112 to peer 0x556ff308c420 (12 bytes)
1780113656.548430 sending message 112 to peer 0x556ff308c420 (12 bytes)
1780113656.548436 sending message 112 to peer 0x556ff308c420 (11 bytes)
1780113656.548442 sending message 112 to peer 0x556ff308c420 (11 bytes)
1780113656.548448 sending message 112 to peer 0x556ff308c420 (12 bytes)
1780113656.548454 sending message 112 to peer 0x556ff308c420 (12 bytes)
1780113656.548460 sending message 112 to peer 0x556ff308c420 (12 bytes)
1780113656.548466 sending message 112 to peer 0x556ff308c420 (12 bytes)
1780113656.548472 sending message 112 to peer 0x556ff308c420 (12 bytes)
1780113656.548478 sending message 112 to peer 0x556ff308c420 (10 bytes)
1780113656.548484 sending message 112 to peer 0x556ff308c420 (12 bytes)
1780113656.548489 sending message 112 to peer 0x556ff308c420 (13 bytes)
1780113656.548495 sending message 112 to peer 0x556ff308c420 (13 bytes)
1780113656.548501 sending message 112 to peer 0x556ff308c420 (13 bytes)
1780113656.548507 sending message 112 to peer 0x556ff308c420 (13 bytes)
1780113656.548513 sending message 112 to peer 0x556ff308c420 (13 bytes)
1780113656.548519 sending message 112 to peer 0x556ff308c420 (8 bytes)
1780113656.548525 sending message 112 to peer 0x556ff308c420 (11 bytes)
1780113656.548531 sending message 112 to peer 0x556ff308c420 (11 bytes)
1780113656.548537 sending message 112 to peer 0x556ff308c420 (11 bytes)
1780113656.548543 sending message 112 to peer 0x556ff308c420 (12 bytes)
1780113656.548548 sending message 112 to peer 0x556ff308c420 (12 bytes)
1780113656.548554 sending message 112 to peer 0x556ff308c420 (12 bytes)
1780113656.548560 sending message 112 to peer 0x556ff308c420 (12 bytes)
1780113656.548566 sending message 112 to peer 0x556ff308c420 (13 bytes)
1780113656.548572 sending message 112 to peer 0x556ff308c420 (13 bytes)
1780113656.548578 sending message 112 to peer 0x556ff308c420 (13 bytes)
1780113656.548584 sending message 112 to peer 0x556ff308c420 (8 bytes)
1780113656.548590 sending message 112 to peer 0x556ff308c420 (13 bytes)
1780113656.548596 sending message 112 to peer 0x556ff308c420 (13 bytes)
1780113656.548601 sending message 112 to peer 0x556ff308c420 (13 bytes)
1780113656.548607 sending message 112 to peer 0x556ff308c420 (13 bytes)
1780113656.548613 sending message 112 to peer 0x556ff308c420 (13 bytes)
1780113656.548619 sending message 112 to peer 0x556ff308c420 (12 bytes)
1780113656.548625 sending message 112 to peer 0x556ff308c420 (12 bytes)
1780113656.548631 sending message 112 to peer 0x556ff308c420 (12 bytes)
1780113656.548636 sending message 112 to peer 0x556ff308c420 (12 bytes)
1780113656.548642 sending message 112 to peer 0x556ff308c420 (13 bytes)
1780113656.548648 sending message 112 to peer 0x556ff308c420 (8 bytes)
1780113656.548654 sending message 112 to peer 0x556ff308c420 (13 bytes)
1780113656.548660 sending message 112 to peer 0x556ff308c420 (13 bytes)
1780113656.548666 sending message 112 to peer 0x556ff308c420 (13 bytes)
1780113656.548672 sending message 112 to peer 0x556ff308c420 (13 bytes)
1780113656.548678 sending message 112 to peer 0x556ff308c420 (13 bytes)
1780113656.548683 sending message 112 to peer 0x556ff308c420 (13 bytes)
1780113656.548689 sending message 112 to peer 0x556ff308c420 (13 bytes)
1780113656.548695 sending message 112 to peer 0x556ff308c420 (12 bytes)
1780113656.548701 sending message 112 to peer 0x556ff308c420 (12 bytes)
1780113656.548707 sending message 112 to peer 0x556ff308c420 (12 bytes)
1780113656.548715 sending message 112 to peer 0x556ff308c420 (8 bytes)
1780113656.548723 sending message 112 to peer 0x556ff308c420 (12 bytes)
1780113656.548744 sending message 112 to peer 0x556ff308c420 (13 bytes)
1780113656.548764 sending message 112 to peer 0x556ff308c420 (13 bytes)
1780113656.548776 sending message 112 to peer 0x556ff308c420 (13 bytes)
1780113656.548787 sending message 112 to peer 0x556ff308c420 (13 bytes)
1780113656.548798 sending message 112 to peer 0x556ff308c420 (13 bytes)
1780113656.548810 sending message 112 to peer 0x556ff308c420 (13 bytes)
1780113656.548821 sending message 112 to peer 0x556ff308c420 (13 bytes)
1780113656.548832 sending message 112 to peer 0x556ff308c420 (13 bytes)
1780113656.548843 sending message 112 to peer 0x556ff308c420 (12 bytes)
1780113656.548854 sending message 112 to peer 0x556ff308c420 (10 bytes)
1780113656.548865 sending message 112 to peer 0x556ff308c420 (12 bytes)
1780113656.548877 sending message 112 to peer 0x556ff308c420 (12 bytes)
1780113656.548888 sending message 112 to peer 0x556ff308c420 (12 bytes)
1780113656.548899 sending message 112 to peer 0x556ff308c420 (13 bytes)
1780113656.548910 sending message 112 to peer 0x556ff308c420 (13 bytes)
1780113656.548921 sending message 112 to peer 0x556ff308c420 (13 bytes)
1780113656.548933 sending message 112 to peer 0x556ff308c420 (13 bytes)
1780113656.548944 sending message 112 to peer 0x556ff308c420 (13 bytes)
1780113656.548955 sending message 112 to peer 0x556ff308c420 (13 bytes)
1780113656.548967 sending message 112 to peer 0x556ff308c420 (13 bytes)
1780113656.548978 sending message 112 to peer 0x556ff308c420 (10 bytes)
1780113656.548989 sending message 112 to peer 0x556ff308c420 (13 bytes)
1780113656.549001 sending message 112 to peer 0x556ff308c420 (12 bytes)
1780113656.549012 sending message 112 to peer 0x556ff308c420 (12 bytes)
1780113656.549023 sending message 112 to peer 0x556ff308c420 (12 bytes)
1780113656.549034 sending message 112 to peer 0x556ff308c420 (10 bytes)
1780113656.549045 sending message 112 to peer 0x556ff308c420 (10 bytes)
1780113656.549056 sending message 112 to peer 0x556ff308c420 (10 bytes)
1780113656.549068 sending message 112 to peer 0x556ff308c420 (12 bytes)
1780113656.549079 sending message 112 to peer 0x556ff308c420 (13 bytes)
1780113656.549090 sending message 112 to peer 0x556ff308c420 (13 bytes)
1780113656.549101 sending message 112 to peer 0x556ff308c420 (13 bytes)
1780113656.549113 sending message 112 to peer 0x556ff308c420 (13 bytes)
1780113656.549124 sending message 112 to peer 0x556ff308c420 (13 bytes)
1780113656.549135 sending message 112 to peer 0x556ff308c420 (11 bytes)
1780113656.549146 sending message 112 to peer 0x556ff308c420 (11 bytes)
1780113656.549158 sending message 112 to peer 0x556ff308c420 (12 bytes)
1780113656.549170 sending message 112 to peer 0x556ff308c420 (12 bytes)
1780113656.549182 sending message 112 to peer 0x556ff308c420 (12 bytes)
1780113656.549193 sending message 112 to peer 0x556ff308c420 (12 bytes)
1780113656.549205 sending message 112 to peer 0x556ff308c420 (12 bytes)
1780113656.549257 sending message 112 to peer 0x556ff308c420 (11 bytes)
1780113656.549269 sending message 112 to peer 0x556ff308c420 (12 bytes)
1780113656.549281 sending message 112 to peer 0x556ff308c420 (12 bytes)
1780113656.549292 sending message 112 to peer 0x556ff308c420 (13 bytes)
1780113656.549304 sending message 112 to peer 0x556ff308c420 (13 bytes)
1780113656.549315 sending message 112 to peer 0x556ff308c420 (13 bytes)
1780113656.549327 sending message 112 to peer 0x556ff308c420 (13 bytes)
1780113656.549338 sending message 112 to peer 0x556ff308c420 (13 bytes)
1780113656.549349 sending message 112 to peer 0x556ff308c420 (10 bytes)
1780113656.549361 sending message 112 to peer 0x556ff308c420 (9 bytes)
1780113656.549372 sending message 112 to peer 0x556ff308c420 (12 bytes)
1780113656.549384 sending message 112 to peer 0x556ff308c420 (13 bytes)
1780113656.549395 sending message 112 to peer 0x556ff308c420 (13 bytes)
1780113656.549407 sending message 112 to peer 0x556ff308c420 (13 bytes)
1780113656.549418 sending message 112 to peer 0x556ff308c420 (13 bytes)
1780113656.549430 sending message 112 to peer 0x556ff308c420 (13 bytes)
1780113656.549451 sending message 112 to peer 0x556ff308c420 (9 bytes)
1780113656.549468 sending message 112 to peer 0x556ff308c420 (12 bytes)
1780113656.549478 sending message 112 to peer 0x556ff308c420 (13 bytes)
1780113656.549487 sending message 112 to peer 0x556ff308c420 (13 bytes)
1780113656.549498 sending message 112 to peer 0x556ff308c420 (13 bytes)
1780113656.549509 sending message 112 to peer 0x556ff308c420 (13 bytes)
1780113656.549518 sending message 112 to peer 0x556ff308c420 (13 bytes)
1780113656.549526 sending message 112 to peer 0x556ff308c420 (11 bytes)
1780113656.549534 sending message 112 to peer 0x556ff308c420 (12 bytes)
1780113656.549541 sending message 112 to peer 0x556ff308c420 (13 bytes)
1780113656.549549 sending message 112 to peer 0x556ff308c420 (13 bytes)
1780113656.549556 sending message 112 to peer 0x556ff308c420 (13 bytes)
1780113656.549564 sending message 112 to peer 0x556ff308c420 (13 bytes)
1780113656.549571 sending message 112 to peer 0x556ff308c420 (13 bytes)
1780113656.549578 sending message 112 to peer 0x556ff308c420 (11 bytes)
1780113656.549586 sending message 112 to peer 0x556ff308c420 (12 bytes)
1780113656.549593 sending message 112 to peer 0x556ff308c420 (12 bytes)
1780113656.549601 sending message 112 to peer 0x556ff308c420 (12 bytes)
1780113656.549608 sending message 112 to peer 0x556ff308c420 (12 bytes)
1780113656.549615 sending message 112 to peer 0x556ff308c420 (12 bytes)
1780113656.549623 sending message 112 to peer 0x556ff308c420 (21 bytes)
1780113656.549630 sending message 112 to peer 0x556ff308c420 (12 bytes)
1780113656.549638 sending message 112 to peer 0x556ff308c420 (9 bytes)
1780113656.549645 sending message 112 to peer 0x556ff308c420 (6 bytes)
1780113656.549653 sending message 112 to peer 0x556ff308c420 (13 bytes)
1780113656.549660 sending message 112 to peer 0x556ff308c420 (8 bytes)
1780113656.549668 sending message 112 to peer 0x556ff308c420 (15 bytes)
1780113656.549675 sending message 112 to peer 0x556ff308c420 (13 bytes)
1780113656.549683 sending message 112 to peer 0x556ff308c420 (9 bytes)
1780113656.549691 sending message 112 to peer 0x556ff308c420 (70 bytes)
1780113656.549698 sending message 112 to peer 0x556ff308c420 (69 bytes)
1780113656.549706 sending message 112 to peer 0x556ff308c420 (10 bytes)
1780113656.549713 sending message 112 to peer 0x556ff308c420 (10 bytes)
1780113656.549721 sending message 112 to peer 0x556ff308c420 (8 bytes)
1780113656.549728 sending message 112 to peer 0x556ff308c420 (15 bytes)
1780113656.549736 sending message 112 to peer 0x556ff308c420 (13 bytes)
1780113656.549743 sending message 112 to peer 0x556ff308c420 (10 bytes)
1780113656.549751 sending message 112 to peer 0x556ff308c420 (10 bytes)
1780113656.549758 sending message 112 to peer 0x556ff308c420 (17 bytes)
1780113656.549766 sending message 112 to peer 0x556ff308c420 (10 bytes)
1780113656.549773 sending message 112 to peer 0x556ff308c420 (13 bytes)
1780113656.549781 sending message 112 to peer 0x556ff308c420 (9 bytes)
1780113656.549788 sending message 112 to peer 0x556ff308c420 (5 bytes)
1780113656.549796 sending message 112 to peer 0x556ff308c420 (15 bytes)
1780113656.549804 sending message 104 to peer 0x556ff308c420 (0 bytes)
1780113656.549812 sending message 110 to peer 0x556ff308c420 (0 bytes)
1780113656.549820 sending message 107 to peer 0x556ff308c420 (4 bytes)
1780113656.549826 sending message 105 to peer 0x556ff308c420 (20 bytes)
1780113656.549832 sending message 105 to peer 0x556ff308c420 (54 bytes)
1780113656.549838 sending message 105 to peer 0x556ff308c420 (50 bytes)
1780113656.549844 sending message 105 to peer 0x556ff308c420 (11 bytes)
1780113656.549850 sending message 105 to peer 0x556ff308c420 (21 bytes)
1780113656.549856 sending message 105 to peer 0x556ff308c420 (16 bytes)
1780113656.549862 sending message 105 to peer 0x556ff308c420 (12 bytes)
1780113656.549868 sending message 105 to peer 0x556ff308c420 (25 bytes)
1780113656.549874 sending message 105 to peer 0x556ff308c420 (64 bytes)
1780113656.549879 sending message 105 to peer 0x556ff308c420 (20 bytes)
1780113656.549891 sending message 105 to peer 0x556ff308c420 (19 bytes)
1780113656.549901 sending message 105 to peer 0x556ff308c420 (38 bytes)
1780113656.549907 sending message 105 to peer 0x556ff308c420 (91 bytes)
1780113656.549914 sending message 105 to peer 0x556ff308c420 (47 bytes)
1780113656.549920 sending message 105 to peer 0x556ff308c420 (38 bytes)
1780113656.549926 sending message 105 to peer 0x556ff308c420 (15 bytes)
1780113656.549932 sending message 105 to peer 0x556ff308c420 (60 bytes)
1780113656.549938 sending message 105 to peer 0x556ff308c420 (18 bytes)
1780113656.549944 sending message 105 to peer 0x556ff308c420 (17 bytes)
1780113656.549950 sending message 105 to peer 0x556ff308c420 (8 bytes)
1780113656.549956 sending message 105 to peer 0x556ff308c420 (17 bytes)
1780113656.549962 sending message 105 to peer 0x556ff308c420 (32 bytes)
1780113656.549968 sending message 105 to peer 0x556ff308c420 (1917 bytes)
1780113656.549974 sending message 105 to peer 0x556ff308c420 (30 bytes)
1780113656.549981 sending message 105 to peer 0x556ff308c420 (98 bytes)
1780113656.549987 sending message 105 to peer 0x556ff308c420 (51 bytes)
1780113656.549993 sending message 105 to peer 0x556ff308c420 (15 bytes)
1780113656.549999 sending message 105 to peer 0x556ff308c420 (21 bytes)
1780113656.550005 sending message 105 to peer 0x556ff308c420 (22 bytes)
1780113656.550011 sending message 105 to peer 0x556ff308c420 (11 bytes)
1780113656.550017 sending message 105 to peer 0x556ff308c420 (217 bytes)
1780113656.550023 sending message 105 to peer 0x556ff308c420 (49 bytes)
1780113656.550029 sending message 105 to peer 0x556ff308c420 (30 bytes)
1780113656.550035 sending message 105 to peer 0x556ff308c420 (18 bytes)
1780113656.550041 sending message 105 to peer 0x556ff308c420 (28 bytes)
1780113656.550047 sending message 105 to peer 0x556ff308c420 (19 bytes)
1780113656.550053 sending message 105 to peer 0x556ff308c420 (8 bytes)
1780113656.550059 sending message 105 to peer 0x556ff308c420 (22 bytes)
1780113656.550065 sending message 105 to peer 0x556ff308c420 (19 bytes)
1780113656.550071 sending message 105 to peer 0x556ff308c420 (33 bytes)
1780113656.550077 sending message 105 to peer 0x556ff308c420 (18 bytes)
1780113656.550083 sending message 105 to peer 0x556ff308c420 (26 bytes)
1780113656.550089 sending message 105 to peer 0x556ff308c420 (35 bytes)
1780113656.550095 sending message 105 to peer 0x556ff308c420 (13 bytes)
1780113656.550101 sending message 105 to peer 0x556ff308c420 (14 bytes)
1780113656.550107 sending message 105 to peer 0x556ff308c420 (21 bytes)
1780113656.550112 sending message 105 to peer 0x556ff308c420 (26 bytes)
1780113656.550118 sending message 105 to peer 0x556ff308c420 (16 bytes)
1780113656.550124 sending message 105 to peer 0x556ff308c420 (20 bytes)
1780113656.550130 sending message 105 to peer 0x556ff308c420 (29 bytes)
1780113656.550136 sending message 105 to peer 0x556ff308c420 (31 bytes)
1780113656.550142 sending message 105 to peer 0x556ff308c420 (15 bytes)
1780113656.550148 sending message 105 to peer 0x556ff308c420 (23 bytes)
1780113656.550154 sending message 105 to peer 0x556ff308c420 (29 bytes)
1780113656.550160 sending message 105 to peer 0x556ff308c420 (18 bytes)
1780113656.550167 sending message 105 to peer 0x556ff308c420 (25 bytes)
1780113656.550173 sending message 105 to peer 0x556ff308c420 (11 bytes)
1780113656.550179 sending message 105 to peer 0x556ff308c420 (30 bytes)
1780113656.550185 sending message 105 to peer 0x556ff308c420 (16 bytes)
1780113656.550191 sending message 105 to peer 0x556ff308c420 (30 bytes)
1780113656.550197 sending message 106 to peer 0x556ff308c420 (0 bytes)
1780113656.550278 sending message 200 to peer 0x556ff308c420 (4 bytes)
1780113656.550285 client loop enter
1780113656.550627 peer 0x556ff308c420 message 303
1780113656.550634 open write file 2 -
1780113656.550643 sending message 305 to peer 0x556ff308c420 (8 bytes)
1780113656.550653 write check file 2
1780113656.550711 peer 0x556ff308c420 message 304
1780113656.550718 write 58 to file 2
1780113656.550725 peer 0x556ff308c420 message 203
1780113656.550738 file 2 58 bytes left
1780113656.550759 write check file 2
1780113656.550765 client loop exit
